Using pre-set license

 COMMAND LINE ARGUMENTS:
/Applications/Unity/Hub/Editor/2020.3.8f1/Unity.app/Contents/MacOS/Unity
-adb2
-batchMode
-noUpm
-name
AssetImportWorker0
-projectPath
/Users/harry/Personal/unity-generation/Land Generation
-logFile
Logs/AssetImportWorker0.log
-srvPort
57608
Successfully changed project path to: /Users/harry/Personal/unity-generation/Land Generation
/Users/harry/Personal/unity-generation/Land Generation
Using Asset Import Pipeline V2.
Refreshing native plugins compatible for Editor in 23.66 ms, found 1 plugins.
Preloading 0 native plugins for Editor in 0.00 ms.
Initialize engine version: 2020.3.8f1 (507919d4fff5)
[Subsystems] Discovering subsystems at path /Applications/Unity/Hub/Editor/2020.3.8f1/Unity.app/Contents/Resources/UnitySubsystems
[Subsystems] Discovering subsystems at path /Users/harry/Personal/unity-generation/Land Generation/Assets
GfxDevice: creating device client; threaded=0
2021-05-21 17:37:12.268 Unity[74304:3011085] Color LCD preferred device: AMD Radeon Pro 5300M (high power)
2021-05-21 17:37:12.268 Unity[74304:3011085] Metal devices available: 2
2021-05-21 17:37:12.268 Unity[74304:3011085] 0: AMD Radeon Pro 5300M (high power)
2021-05-21 17:37:12.268 Unity[74304:3011085] 1: Intel(R) UHD Graphics 630 (low power)
2021-05-21 17:37:12.268 Unity[74304:3011085] Using device AMD Radeon Pro 5300M (high power)
Initializing Metal device caps: AMD Radeon Pro 5300M
Initialize mono
Mono path[0] = '/Applications/Unity/Hub/Editor/2020.3.8f1/Unity.app/Contents/Managed'
Mono path[1] = '/Applications/Unity/Hub/Editor/2020.3.8f1/Unity.app/Contents/MonoBleedingEdge/lib/mono/unityjit'
Mono config path = '/Applications/Unity/Hub/Editor/2020.3.8f1/Unity.app/Contents/MonoBleedingEdge/etc'
Using monoOptions --debugger-agent=transport=dt_socket,embedding=1,server=y,suspend=n,address=127.0.0.1:56304
Begin MonoManager ReloadAssembly
Registering precompiled unity dll's ...
Register platform support module: /Applications/Unity/Hub/Editor/2020.3.8f1/Unity.app/Contents/PlaybackEngines/MacStandaloneSupport/UnityEditor.OSXStandalone.Extensions.dll
Registered in 0.000470 seconds.
Native extension for OSXStandalone target not found
Refreshing native plugins compatible for Editor in 20.89 ms, found 1 plugins.
Preloading 0 native plugins for Editor in 0.00 ms.
Mono: successfully reloaded assembly
- Completed reload, in  3.135 seconds
Platform modules already initialized, skipping
Registering precompiled user dll's ...
Registered in 0.000301 seconds.
Begin MonoManager ReloadAssembly
Native extension for OSXStandalone target not found
Refreshing native plugins compatible for Editor in 0.19 ms, found 1 plugins.
Preloading 0 native plugins for Editor in 0.00 ms.
Mono: successfully reloaded assembly
- Completed reload, in  1.138 seconds
Platform modules already initialized, skipping
========================================================================
Worker process is ready to serve import requests
Launching external process: /Applications/Unity/Hub/Editor/2020.3.8f1/Unity.app/Contents/Tools/UnityShaderCompiler
Launched and connected shader compiler UnityShaderCompiler after 0.01 seconds
Refreshing native plugins compatible for Editor in 0.22 ms, found 1 plugins.
Preloading 0 native plugins for Editor in 0.00 ms.
Unloading 1116 Unused Serialized files (Serialized files now loaded: 0)
System memory in use before: 110.1 MB.
System memory in use after: 110.1 MB.

Unloading 10 unused Assets to reduce memory usage. Loaded Objects now: 1558.
Total: 1.980651 ms (FindLiveObjects: 0.150463 ms CreateObjectMapping: 0.039637 ms MarkObjects: 1.700555 ms  DeleteObjects: 0.088992 ms)

========================================================================
Received Import Request.
  path: Assets/temp.cs
  artifactKey: Guid(577e99760a8b140a7b4ae89bc152eb16) Importer(815301076,1909f56bfc062723c751e8b465ee728b)
Start importing Assets/temp.cs using Guid(577e99760a8b140a7b4ae89bc152eb16) Importer(815301076,1909f56bfc062723c751e8b465ee728b)  -> (artifact id: '5ff9c56407c4e310e888b2a63a4f85e1') in 0.425005 seconds
  Import took 0.427042 seconds .

========================================================================
Received Prepare
Registering precompiled user dll's ...
Registered in 0.000245 seconds.
Begin MonoManager ReloadAssembly
Native extension for OSXStandalone target not found
Refreshing native plugins compatible for Editor in 0.18 ms, found 1 plugins.
Preloading 0 native plugins for Editor in 0.00 ms.
Mono: successfully reloaded assembly
- Completed reload, in  0.876 seconds
Platform modules already initialized, skipping
Refreshing native plugins compatible for Editor in 0.20 ms, found 1 plugins.
Preloading 0 native plugins for Editor in 0.00 ms.
Unloading 1110 Unused Serialized files (Serialized files now loaded: 0)
System memory in use before: 114.4 MB.
System memory in use after: 114.5 MB.

Unloading 6 unused Assets to reduce memory usage. Loaded Objects now: 1560.
Total: 1.545670 ms (FindLiveObjects: 0.133080 ms CreateObjectMapping: 0.036330 ms MarkObjects: 1.323320 ms  DeleteObjects: 0.052084 ms)

========================================================================
Received Import Request.
  Time since last request: 341.286873 seconds.
  path: Assets/Scripts
  artifactKey: Guid(4a2d526ca3e7f48dbb808e297f99ba27) Importer(815301076,1909f56bfc062723c751e8b465ee728b)
Start importing Assets/Scripts using Guid(4a2d526ca3e7f48dbb808e297f99ba27) Importer(815301076,1909f56bfc062723c751e8b465ee728b)  -> (artifact id: 'e95d699db7df4b689c0b6baeb42d21e5') in 0.003435 seconds
  Import took 0.005051 seconds .

========================================================================
Received Import Request.
  Time since last request: 0.010642 seconds.
  path: Assets/Scripts
  artifactKey: Guid(4a2d526ca3e7f48dbb808e297f99ba27) Importer(815301076,1909f56bfc062723c751e8b465ee728b)
Start importing Assets/Scripts using Guid(4a2d526ca3e7f48dbb808e297f99ba27) Importer(815301076,1909f56bfc062723c751e8b465ee728b)  -> (artifact id: 'e95d699db7df4b689c0b6baeb42d21e5') in 0.001234 seconds
  Import took 0.002773 seconds .

========================================================================
Received Import Request.
  Time since last request: 9.686966 seconds.
  path: Assets/Scripts/Marching.cs
  artifactKey: Guid(07adb697bb39d47b4a7d998658b3d99f) Importer(815301076,1909f56bfc062723c751e8b465ee728b)
Start importing Assets/Scripts/Marching.cs using Guid(07adb697bb39d47b4a7d998658b3d99f) Importer(815301076,1909f56bfc062723c751e8b465ee728b)  -> (artifact id: '3a3075ba084d4fe32dc83dda94704981') in 0.004995 seconds
  Import took 0.006939 seconds .

========================================================================
Received Prepare
Registering precompiled user dll's ...
Registered in 0.001669 seconds.
Begin MonoManager ReloadAssembly
Native extension for OSXStandalone target not found
Refreshing native plugins compatible for Editor in 0.23 ms, found 1 plugins.
Preloading 0 native plugins for Editor in 0.00 ms.
Mono: successfully reloaded assembly
- Completed reload, in  1.094 seconds
Platform modules already initialized, skipping
Refreshing native plugins compatible for Editor in 0.21 ms, found 1 plugins.
Preloading 0 native plugins for Editor in 0.00 ms.
Unloading 1111 Unused Serialized files (Serialized files now loaded: 0)
System memory in use before: 114.7 MB.
System memory in use after: 114.8 MB.

Unloading 5 unused Assets to reduce memory usage. Loaded Objects now: 1564.
Total: 1.631833 ms (FindLiveObjects: 0.122525 ms CreateObjectMapping: 0.034209 ms MarkObjects: 1.424364 ms  DeleteObjects: 0.049867 ms)

========================================================================
Received Prepare
Registering precompiled user dll's ...
Registered in 0.000377 seconds.
Begin MonoManager ReloadAssembly
Native extension for OSXStandalone target not found
Refreshing native plugins compatible for Editor in 0.19 ms, found 1 plugins.
Preloading 0 native plugins for Editor in 0.00 ms.
Mono: successfully reloaded assembly
- Completed reload, in  0.987 seconds
Platform modules already initialized, skipping
Refreshing native plugins compatible for Editor in 0.20 ms, found 1 plugins.
Preloading 0 native plugins for Editor in 0.00 ms.
Unloading 1111 Unused Serialized files (Serialized files now loaded: 0)
System memory in use before: 115.0 MB.
System memory in use after: 115.1 MB.

Unloading 5 unused Assets to reduce memory usage. Loaded Objects now: 1567.
Total: 1.932487 ms (FindLiveObjects: 0.114349 ms CreateObjectMapping: 0.030237 ms MarkObjects: 1.738881 ms  DeleteObjects: 0.048014 ms)

========================================================================
Received Prepare
Registering precompiled user dll's ...
Registered in 0.000495 seconds.
Begin MonoManager ReloadAssembly
Native extension for OSXStandalone target not found
Refreshing native plugins compatible for Editor in 0.19 ms, found 1 plugins.
Preloading 0 native plugins for Editor in 0.00 ms.
Mono: successfully reloaded assembly
- Completed reload, in  0.862 seconds
Platform modules already initialized, skipping
Refreshing native plugins compatible for Editor in 0.15 ms, found 1 plugins.
Preloading 0 native plugins for Editor in 0.00 ms.
Unloading 1111 Unused Serialized files (Serialized files now loaded: 0)
System memory in use before: 115.2 MB.
System memory in use after: 115.2 MB.

Unloading 5 unused Assets to reduce memory usage. Loaded Objects now: 1570.
Total: 1.252677 ms (FindLiveObjects: 0.099489 ms CreateObjectMapping: 0.026646 ms MarkObjects: 1.095469 ms  DeleteObjects: 0.030407 ms)

========================================================================
Received Import Request.
  Time since last request: 1827.592155 seconds.
  path: Assets/Scenes/Default.mat
  artifactKey: Guid(bf42598d57cd744548fb7420757fbf15) Importer(815301076,1909f56bfc062723c751e8b465ee728b)
Start importing Assets/Scenes/Default.mat using Guid(bf42598d57cd744548fb7420757fbf15) Importer(815301076,1909f56bfc062723c751e8b465ee728b)  -> (artifact id: 'd7c99ed7d314907cdb2606d98353da96') in 1.692171 seconds
  Import took 1.694522 seconds .

========================================================================
Received Prepare
Registering precompiled user dll's ...
Registered in 0.000544 seconds.
Begin MonoManager ReloadAssembly
Native extension for OSXStandalone target not found
Refreshing native plugins compatible for Editor in 0.26 ms, found 1 plugins.
Preloading 0 native plugins for Editor in 0.00 ms.
Mono: successfully reloaded assembly
- Completed reload, in  1.084 seconds
Platform modules already initialized, skipping
Refreshing native plugins compatible for Editor in 0.21 ms, found 1 plugins.
Preloading 0 native plugins for Editor in 0.00 ms.
Unloading 1111 Unused Serialized files (Serialized files now loaded: 0)
System memory in use before: 123.4 MB.
System memory in use after: 123.4 MB.

Unloading 5 unused Assets to reduce memory usage. Loaded Objects now: 1613.
Total: 1.645436 ms (FindLiveObjects: 0.139331 ms CreateObjectMapping: 0.038479 ms MarkObjects: 1.417358 ms  DeleteObjects: 0.049369 ms)

========================================================================
Received Prepare
Registering precompiled user dll's ...
Registered in 0.000419 seconds.
Begin MonoManager ReloadAssembly
Native extension for OSXStandalone target not found
Refreshing native plugins compatible for Editor in 0.19 ms, found 1 plugins.
Preloading 0 native plugins for Editor in 0.00 ms.
Mono: successfully reloaded assembly
- Completed reload, in  0.919 seconds
Platform modules already initialized, skipping
Refreshing native plugins compatible for Editor in 0.16 ms, found 1 plugins.
Preloading 0 native plugins for Editor in 0.00 ms.
Unloading 1111 Unused Serialized files (Serialized files now loaded: 0)
System memory in use before: 123.6 MB.
System memory in use after: 123.7 MB.

Unloading 5 unused Assets to reduce memory usage. Loaded Objects now: 1616.
Total: 1.485593 ms (FindLiveObjects: 0.131501 ms CreateObjectMapping: 0.034968 ms MarkObjects: 1.273300 ms  DeleteObjects: 0.045063 ms)

========================================================================
Received Prepare
Registering precompiled user dll's ...
Registered in 0.000643 seconds.
Begin MonoManager ReloadAssembly
Native extension for OSXStandalone target not found
Refreshing native plugins compatible for Editor in 0.19 ms, found 1 plugins.
Preloading 0 native plugins for Editor in 0.00 ms.
Mono: successfully reloaded assembly
- Completed reload, in  0.858 seconds
Platform modules already initialized, skipping
Refreshing native plugins compatible for Editor in 0.27 ms, found 1 plugins.
Preloading 0 native plugins for Editor in 0.00 ms.
Unloading 1111 Unused Serialized files (Serialized files now loaded: 0)
System memory in use before: 123.8 MB.
System memory in use after: 123.9 MB.

Unloading 5 unused Assets to reduce memory usage. Loaded Objects now: 1619.
Total: 2.108836 ms (FindLiveObjects: 0.148198 ms CreateObjectMapping: 0.036557 ms MarkObjects: 1.868612 ms  DeleteObjects: 0.054319 ms)

========================================================================
Received Prepare
Registering precompiled user dll's ...
Registered in 0.000410 seconds.
Begin MonoManager ReloadAssembly
Native extension for OSXStandalone target not found
Refreshing native plugins compatible for Editor in 0.20 ms, found 1 plugins.
Preloading 0 native plugins for Editor in 0.00 ms.
Mono: successfully reloaded assembly
- Completed reload, in  0.959 seconds
Platform modules already initialized, skipping
Refreshing native plugins compatible for Editor in 0.19 ms, found 1 plugins.
Preloading 0 native plugins for Editor in 0.00 ms.
Unloading 1111 Unused Serialized files (Serialized files now loaded: 0)
System memory in use before: 123.9 MB.
System memory in use after: 124.0 MB.

Unloading 5 unused Assets to reduce memory usage. Loaded Objects now: 1622.
Total: 1.504766 ms (FindLiveObjects: 0.119618 ms CreateObjectMapping: 0.031987 ms MarkObjects: 1.310265 ms  DeleteObjects: 0.041999 ms)

========================================================================
Received Prepare
Registering precompiled user dll's ...
Registered in 0.000380 seconds.
Begin MonoManager ReloadAssembly
Native extension for OSXStandalone target not found
Refreshing native plugins compatible for Editor in 0.18 ms, found 1 plugins.
Preloading 0 native plugins for Editor in 0.00 ms.
Mono: successfully reloaded assembly
- Completed reload, in  0.868 seconds
Platform modules already initialized, skipping
Refreshing native plugins compatible for Editor in 0.16 ms, found 1 plugins.
Preloading 0 native plugins for Editor in 0.00 ms.
Unloading 1111 Unused Serialized files (Serialized files now loaded: 0)
System memory in use before: 124.1 MB.
System memory in use after: 124.1 MB.

Unloading 5 unused Assets to reduce memory usage. Loaded Objects now: 1625.
Total: 1.264474 ms (FindLiveObjects: 0.107276 ms CreateObjectMapping: 0.028430 ms MarkObjects: 1.093726 ms  DeleteObjects: 0.034348 ms)

========================================================================
Received Prepare
Registering precompiled user dll's ...
Registered in 0.000541 seconds.
Begin MonoManager ReloadAssembly
Native extension for OSXStandalone target not found
Refreshing native plugins compatible for Editor in 0.19 ms, found 1 plugins.
Preloading 0 native plugins for Editor in 0.00 ms.
Mono: successfully reloaded assembly
- Completed reload, in  1.006 seconds
Platform modules already initialized, skipping
Refreshing native plugins compatible for Editor in 0.20 ms, found 1 plugins.
Preloading 0 native plugins for Editor in 0.01 ms.
Unloading 1111 Unused Serialized files (Serialized files now loaded: 0)
System memory in use before: 124.3 MB.
System memory in use after: 124.3 MB.

Unloading 5 unused Assets to reduce memory usage. Loaded Objects now: 1628.
Total: 1.514151 ms (FindLiveObjects: 0.126733 ms CreateObjectMapping: 0.033918 ms MarkObjects: 1.297446 ms  DeleteObjects: 0.055334 ms)

========================================================================
Received Import Request.
  Time since last request: 3183.214189 seconds.
  path: Assets/Scripts/Noise.cs
  artifactKey: Guid(5461b6e120ae14a91b3afc239e399863) Importer(815301076,1909f56bfc062723c751e8b465ee728b)
Start importing Assets/Scripts/Noise.cs using Guid(5461b6e120ae14a91b3afc239e399863) Importer(815301076,1909f56bfc062723c751e8b465ee728b)  -> (artifact id: 'dc235666f3a281bba2209b829ffbe4e5') in 0.005376 seconds
  Import took 0.007639 seconds .

========================================================================
Received Import Request.
  Time since last request: 0.001064 seconds.
  path: Assets/Scripts/Noise.cs
  artifactKey: Guid(5461b6e120ae14a91b3afc239e399863) Importer(815301076,1909f56bfc062723c751e8b465ee728b)
Start importing Assets/Scripts/Noise.cs using Guid(5461b6e120ae14a91b3afc239e399863) Importer(815301076,1909f56bfc062723c751e8b465ee728b)  -> (artifact id: 'dc235666f3a281bba2209b829ffbe4e5') in 0.002613 seconds
  Import took 0.004718 seconds .

========================================================================
Received Prepare
Registering precompiled user dll's ...
Registered in 0.000266 seconds.
Begin MonoManager ReloadAssembly
Native extension for OSXStandalone target not found
Refreshing native plugins compatible for Editor in 0.24 ms, found 1 plugins.
Preloading 0 native plugins for Editor in 0.00 ms.
Mono: successfully reloaded assembly
- Completed reload, in  0.896 seconds
Platform modules already initialized, skipping
Refreshing native plugins compatible for Editor in 0.14 ms, found 1 plugins.
Preloading 0 native plugins for Editor in 0.00 ms.
Unloading 1112 Unused Serialized files (Serialized files now loaded: 0)
System memory in use before: 124.5 MB.
System memory in use after: 124.5 MB.

Unloading 5 unused Assets to reduce memory usage. Loaded Objects now: 1632.
Total: 1.287129 ms (FindLiveObjects: 0.108418 ms CreateObjectMapping: 0.026725 ms MarkObjects: 1.117099 ms  DeleteObjects: 0.034256 ms)

========================================================================
Received Prepare
Registering precompiled user dll's ...
Registered in 0.000494 seconds.
Begin MonoManager ReloadAssembly
Native extension for OSXStandalone target not found
Refreshing native plugins compatible for Editor in 0.27 ms, found 1 plugins.
Preloading 0 native plugins for Editor in 0.00 ms.
Mono: successfully reloaded assembly
- Completed reload, in  1.092 seconds
Platform modules already initialized, skipping
Refreshing native plugins compatible for Editor in 0.20 ms, found 1 plugins.
Preloading 0 native plugins for Editor in 0.00 ms.
Unloading 1112 Unused Serialized files (Serialized files now loaded: 0)
System memory in use before: 124.7 MB.
System memory in use after: 124.8 MB.

Unloading 5 unused Assets to reduce memory usage. Loaded Objects now: 1635.
Total: 1.683179 ms (FindLiveObjects: 0.174171 ms CreateObjectMapping: 0.046545 ms MarkObjects: 1.407226 ms  DeleteObjects: 0.054011 ms)

========================================================================
Received Prepare
Registering precompiled user dll's ...
Registered in 0.000328 seconds.
Begin MonoManager ReloadAssembly
Native extension for OSXStandalone target not found
Refreshing native plugins compatible for Editor in 0.18 ms, found 1 plugins.
Preloading 0 native plugins for Editor in 0.00 ms.
Mono: successfully reloaded assembly
- Completed reload, in  0.854 seconds
Platform modules already initialized, skipping
Refreshing native plugins compatible for Editor in 0.17 ms, found 1 plugins.
Preloading 0 native plugins for Editor in 0.00 ms.
Unloading 1111 Unused Serialized files (Serialized files now loaded: 0)
System memory in use before: 124.8 MB.
System memory in use after: 124.9 MB.

Unloading 6 unused Assets to reduce memory usage. Loaded Objects now: 1637.
Total: 1.318972 ms (FindLiveObjects: 0.109959 ms CreateObjectMapping: 0.026332 ms MarkObjects: 1.139614 ms  DeleteObjects: 0.042409 ms)

========================================================================
Received Import Request.
  Time since last request: 1475.298095 seconds.
  path: Assets/Scripts/Marching.cs
  artifactKey: Guid(07adb697bb39d47b4a7d998658b3d99f) Importer(815301076,1909f56bfc062723c751e8b465ee728b)
Start importing Assets/Scripts/Marching.cs using Guid(07adb697bb39d47b4a7d998658b3d99f) Importer(815301076,1909f56bfc062723c751e8b465ee728b)  -> (artifact id: '31c9080373b78837e6910a1819dd3977') in 0.004488 seconds
  Import took 0.006785 seconds .

========================================================================
Received Import Request.
  Time since last request: 0.001664 seconds.
  path: Assets/Scripts/Marching.cs
  artifactKey: Guid(07adb697bb39d47b4a7d998658b3d99f) Importer(815301076,1909f56bfc062723c751e8b465ee728b)
Start importing Assets/Scripts/Marching.cs using Guid(07adb697bb39d47b4a7d998658b3d99f) Importer(815301076,1909f56bfc062723c751e8b465ee728b)  -> (artifact id: '31c9080373b78837e6910a1819dd3977') in 0.001320 seconds
  Import took 0.002914 seconds .

========================================================================
Received Import Request.
  Time since last request: 11.449797 seconds.
  path: Assets/Old
  artifactKey: Guid(98f6d2955595d45c2bb313033475e8cd) Importer(815301076,1909f56bfc062723c751e8b465ee728b)
Start importing Assets/Old using Guid(98f6d2955595d45c2bb313033475e8cd) Importer(815301076,1909f56bfc062723c751e8b465ee728b)  -> (artifact id: 'cd5eed2bf2a49eb1066c24e846458690') in 0.004117 seconds
  Import took 0.006403 seconds .

========================================================================
Received Prepare
Registering precompiled user dll's ...
Registered in 0.000270 seconds.
Begin MonoManager ReloadAssembly
Native extension for OSXStandalone target not found
Refreshing native plugins compatible for Editor in 0.18 ms, found 1 plugins.
Preloading 0 native plugins for Editor in 0.00 ms.
Mono: successfully reloaded assembly
- Completed reload, in  0.860 seconds
Platform modules already initialized, skipping
Refreshing native plugins compatible for Editor in 0.18 ms, found 1 plugins.
Preloading 0 native plugins for Editor in 0.00 ms.
Unloading 1111 Unused Serialized files (Serialized files now loaded: 0)
System memory in use before: 124.9 MB.
System memory in use after: 125.0 MB.

Unloading 5 unused Assets to reduce memory usage. Loaded Objects now: 1640.
Total: 1.358996 ms (FindLiveObjects: 0.127652 ms CreateObjectMapping: 0.029373 ms MarkObjects: 1.162514 ms  DeleteObjects: 0.038760 ms)

========================================================================
Received Prepare
Registering precompiled user dll's ...
Registered in 0.000439 seconds.
Begin MonoManager ReloadAssembly
Native extension for OSXStandalone target not found
Refreshing native plugins compatible for Editor in 0.21 ms, found 1 plugins.
Preloading 0 native plugins for Editor in 0.00 ms.
Mono: successfully reloaded assembly
- Completed reload, in  1.040 seconds
Platform modules already initialized, skipping
Refreshing native plugins compatible for Editor in 0.20 ms, found 1 plugins.
Preloading 0 native plugins for Editor in 0.00 ms.
Unloading 1112 Unused Serialized files (Serialized files now loaded: 0)
System memory in use before: 125.1 MB.
System memory in use after: 125.2 MB.

Unloading 5 unused Assets to reduce memory usage. Loaded Objects now: 1644.
Total: 1.773504 ms (FindLiveObjects: 0.156572 ms CreateObjectMapping: 0.046443 ms MarkObjects: 1.518498 ms  DeleteObjects: 0.051048 ms)

========================================================================
Received Prepare
Registering precompiled user dll's ...
Registered in 0.000345 seconds.
Begin MonoManager ReloadAssembly
Native extension for OSXStandalone target not found
Refreshing native plugins compatible for Editor in 0.18 ms, found 1 plugins.
Preloading 0 native plugins for Editor in 0.00 ms.
Mono: successfully reloaded assembly
- Completed reload, in  0.985 seconds
Platform modules already initialized, skipping
Refreshing native plugins compatible for Editor in 0.21 ms, found 1 plugins.
Preloading 0 native plugins for Editor in 0.00 ms.
Unloading 1112 Unused Serialized files (Serialized files now loaded: 0)
System memory in use before: 125.3 MB.
System memory in use after: 125.4 MB.

Unloading 5 unused Assets to reduce memory usage. Loaded Objects now: 1647.
Total: 1.627564 ms (FindLiveObjects: 0.133335 ms CreateObjectMapping: 0.034838 ms MarkObjects: 1.406023 ms  DeleteObjects: 0.052415 ms)

========================================================================
Received Import Request.
  Time since last request: 323.347368 seconds.
  path: Assets/Scripts/MapGenerator.cs
  artifactKey: Guid(d1d98528f35de45208aa5dd56456a8a7) Importer(815301076,1909f56bfc062723c751e8b465ee728b)
Start importing Assets/Scripts/MapGenerator.cs using Guid(d1d98528f35de45208aa5dd56456a8a7) Importer(815301076,1909f56bfc062723c751e8b465ee728b)  -> (artifact id: 'b6d16282fc0c55189acb3228148f746b') in 0.005644 seconds
  Import took 0.007722 seconds .

========================================================================
Received Import Request.
  Time since last request: 0.001795 seconds.
  path: Assets/Scripts/MapGenerator.cs
  artifactKey: Guid(d1d98528f35de45208aa5dd56456a8a7) Importer(815301076,1909f56bfc062723c751e8b465ee728b)
Start importing Assets/Scripts/MapGenerator.cs using Guid(d1d98528f35de45208aa5dd56456a8a7) Importer(815301076,1909f56bfc062723c751e8b465ee728b)  -> (artifact id: 'b6d16282fc0c55189acb3228148f746b') in 0.002821 seconds
  Import took 0.005245 seconds .

========================================================================
Received Prepare
Registering precompiled user dll's ...
Registered in 0.000431 seconds.
Begin MonoManager ReloadAssembly
Native extension for OSXStandalone target not found
Refreshing native plugins compatible for Editor in 0.19 ms, found 1 plugins.
Preloading 0 native plugins for Editor in 0.00 ms.
Mono: successfully reloaded assembly
- Completed reload, in  0.976 seconds
Platform modules already initialized, skipping
Refreshing native plugins compatible for Editor in 0.19 ms, found 1 plugins.
Preloading 0 native plugins for Editor in 0.00 ms.
Unloading 1113 Unused Serialized files (Serialized files now loaded: 0)
System memory in use before: 125.6 MB.
System memory in use after: 125.6 MB.

Unloading 5 unused Assets to reduce memory usage. Loaded Objects now: 1651.
Total: 1.565895 ms (FindLiveObjects: 0.140822 ms CreateObjectMapping: 0.037733 ms MarkObjects: 1.342852 ms  DeleteObjects: 0.043732 ms)

========================================================================
Received Import Request.
  Time since last request: 111.960626 seconds.
  path: Assets/Scripts/MapDisplay.cs
  artifactKey: Guid(f1c9806175d994f22a4a92f1b385413a) Importer(815301076,1909f56bfc062723c751e8b465ee728b)
Start importing Assets/Scripts/MapDisplay.cs using Guid(f1c9806175d994f22a4a92f1b385413a) Importer(815301076,1909f56bfc062723c751e8b465ee728b)  -> (artifact id: '5b608e0d95f3ee0ccf1fed05d16e66ca') in 0.005421 seconds
  Import took 0.007830 seconds .

========================================================================
Received Prepare
Registering precompiled user dll's ...
Registered in 0.000340 seconds.
Begin MonoManager ReloadAssembly
Native extension for OSXStandalone target not found
Refreshing native plugins compatible for Editor in 0.19 ms, found 1 plugins.
Preloading 0 native plugins for Editor in 0.00 ms.
Mono: successfully reloaded assembly
- Completed reload, in  0.991 seconds
Platform modules already initialized, skipping
Refreshing native plugins compatible for Editor in 0.24 ms, found 1 plugins.
Preloading 0 native plugins for Editor in 0.00 ms.
Unloading 1114 Unused Serialized files (Serialized files now loaded: 0)
System memory in use before: 125.7 MB.
System memory in use after: 125.8 MB.

Unloading 5 unused Assets to reduce memory usage. Loaded Objects now: 1655.
Total: 2.022378 ms (FindLiveObjects: 0.183264 ms CreateObjectMapping: 0.049389 ms MarkObjects: 1.728017 ms  DeleteObjects: 0.059554 ms)

========================================================================
Received Prepare
Registering precompiled user dll's ...
Registered in 0.000464 seconds.
Begin MonoManager ReloadAssembly
Native extension for OSXStandalone target not found
Refreshing native plugins compatible for Editor in 0.18 ms, found 1 plugins.
Preloading 0 native plugins for Editor in 0.00 ms.
Mono: successfully reloaded assembly
- Completed reload, in  0.859 seconds
Platform modules already initialized, skipping
Refreshing native plugins compatible for Editor in 0.19 ms, found 1 plugins.
Preloading 0 native plugins for Editor in 0.00 ms.
Unloading 1114 Unused Serialized files (Serialized files now loaded: 0)
System memory in use before: 125.9 MB.
System memory in use after: 126.0 MB.

Unloading 5 unused Assets to reduce memory usage. Loaded Objects now: 1658.
Total: 1.358065 ms (FindLiveObjects: 0.109162 ms CreateObjectMapping: 0.026668 ms MarkObjects: 1.183572 ms  DeleteObjects: 0.037972 ms)

========================================================================
Received Import Request.
  Time since last request: 483.187212 seconds.
  path: Assets/Materials
  artifactKey: Guid(900622564e56a4e88a01cff2cd42018a) Importer(815301076,1909f56bfc062723c751e8b465ee728b)
Start importing Assets/Materials using Guid(900622564e56a4e88a01cff2cd42018a) Importer(815301076,1909f56bfc062723c751e8b465ee728b)  -> (artifact id: 'b01ac0bfe3ac475f35f2a551746ccffc') in 0.004493 seconds
  Import took 0.006614 seconds .

========================================================================
Received Import Request.
  Time since last request: 8.953387 seconds.
  path: Assets/Materials/Map Material.mat
  artifactKey: Guid(d67b0409daee34edcbe4a50ac568270d) Importer(815301076,1909f56bfc062723c751e8b465ee728b)
Start importing Assets/Materials/Map Material.mat using Guid(d67b0409daee34edcbe4a50ac568270d) Importer(815301076,1909f56bfc062723c751e8b465ee728b)  -> (artifact id: 'f4cdb218e98245e16d409d4d86972c28') in 0.074011 seconds
  Import took 0.076174 seconds .

========================================================================
Received Import Request.
  Time since last request: 77.776950 seconds.
  path: Assets/Editor
  artifactKey: Guid(3a6a59eff5ebc4826be49f00b2a34301) Importer(815301076,1909f56bfc062723c751e8b465ee728b)
Start importing Assets/Editor using Guid(3a6a59eff5ebc4826be49f00b2a34301) Importer(815301076,1909f56bfc062723c751e8b465ee728b)  -> (artifact id: '7c23b85ee3d66b9d0e305b72f1054152') in 0.001962 seconds
  Import took 0.004012 seconds .

========================================================================
Received Import Request.
  Time since last request: 9.661138 seconds.
  path: Assets/Editor/MapGeneratorEditor.cs
  artifactKey: Guid(4ca761b7fa971423ea38b1ba2e6fa454) Importer(815301076,1909f56bfc062723c751e8b465ee728b)
Start importing Assets/Editor/MapGeneratorEditor.cs using Guid(4ca761b7fa971423ea38b1ba2e6fa454) Importer(815301076,1909f56bfc062723c751e8b465ee728b)  -> (artifact id: '1ce5ac52b17f24ba57a922ca75678e90') in 0.003454 seconds
  Import took 0.005595 seconds .

========================================================================
Received Import Request.
  Time since last request: 0.000400 seconds.
  path: Assets/Editor/MapGeneratorEditor.cs
  artifactKey: Guid(4ca761b7fa971423ea38b1ba2e6fa454) Importer(815301076,1909f56bfc062723c751e8b465ee728b)
Start importing Assets/Editor/MapGeneratorEditor.cs using Guid(4ca761b7fa971423ea38b1ba2e6fa454) Importer(815301076,1909f56bfc062723c751e8b465ee728b)  -> (artifact id: '1ce5ac52b17f24ba57a922ca75678e90') in 0.001752 seconds
  Import took 0.004089 seconds .

========================================================================
Received Prepare
Registering precompiled user dll's ...
Registered in 0.000364 seconds.
Begin MonoManager ReloadAssembly
Native extension for OSXStandalone target not found
Refreshing native plugins compatible for Editor in 0.27 ms, found 1 plugins.
Preloading 0 native plugins for Editor in 0.00 ms.
Mono: successfully reloaded assembly
- Completed reload, in  1.067 seconds
Platform modules already initialized, skipping
Refreshing native plugins compatible for Editor in 0.20 ms, found 1 plugins.
Preloading 0 native plugins for Editor in 0.00 ms.
Unloading 1115 Unused Serialized files (Serialized files now loaded: 0)
System memory in use before: 126.2 MB.
System memory in use after: 126.3 MB.

Unloading 5 unused Assets to reduce memory usage. Loaded Objects now: 1663.
Total: 1.664045 ms (FindLiveObjects: 0.138718 ms CreateObjectMapping: 0.037578 ms MarkObjects: 1.439442 ms  DeleteObjects: 0.047391 ms)

========================================================================
Received Prepare
Registering precompiled user dll's ...
Registered in 0.000354 seconds.
Begin MonoManager ReloadAssembly
Native extension for OSXStandalone target not found
Refreshing native plugins compatible for Editor in 0.27 ms, found 1 plugins.
Preloading 0 native plugins for Editor in 0.00 ms.
Mono: successfully reloaded assembly
- Completed reload, in  0.927 seconds
Platform modules already initialized, skipping
Refreshing native plugins compatible for Editor in 0.19 ms, found 1 plugins.
Preloading 0 native plugins for Editor in 0.00 ms.
Unloading 1115 Unused Serialized files (Serialized files now loaded: 0)
System memory in use before: 126.4 MB.
System memory in use after: 126.5 MB.

Unloading 5 unused Assets to reduce memory usage. Loaded Objects now: 1666.
Total: 1.464063 ms (FindLiveObjects: 0.145048 ms CreateObjectMapping: 0.036035 ms MarkObjects: 1.237356 ms  DeleteObjects: 0.044599 ms)

========================================================================
Received Prepare
Registering precompiled user dll's ...
Registered in 0.000445 seconds.
Begin MonoManager ReloadAssembly
Native extension for OSXStandalone target not found
Refreshing native plugins compatible for Editor in 0.21 ms, found 1 plugins.
Preloading 0 native plugins for Editor in 0.00 ms.
Mono: successfully reloaded assembly
- Completed reload, in  1.032 seconds
Platform modules already initialized, skipping
Refreshing native plugins compatible for Editor in 0.21 ms, found 1 plugins.
Preloading 0 native plugins for Editor in 0.00 ms.
Unloading 1115 Unused Serialized files (Serialized files now loaded: 0)
System memory in use before: 126.5 MB.
System memory in use after: 126.6 MB.

Unloading 5 unused Assets to reduce memory usage. Loaded Objects now: 1669.
Total: 1.618448 ms (FindLiveObjects: 0.139521 ms CreateObjectMapping: 0.038048 ms MarkObjects: 1.390402 ms  DeleteObjects: 0.049582 ms)

========================================================================
Received Prepare
Registering precompiled user dll's ...
Registered in 0.000389 seconds.
Begin MonoManager ReloadAssembly
Native extension for OSXStandalone target not found
Refreshing native plugins compatible for Editor in 0.18 ms, found 1 plugins.
Preloading 0 native plugins for Editor in 0.00 ms.
Mono: successfully reloaded assembly
- Completed reload, in  0.904 seconds
Platform modules already initialized, skipping
Refreshing native plugins compatible for Editor in 0.17 ms, found 1 plugins.
Preloading 0 native plugins for Editor in 0.00 ms.
Unloading 1115 Unused Serialized files (Serialized files now loaded: 0)
System memory in use before: 126.7 MB.
System memory in use after: 126.8 MB.

Unloading 5 unused Assets to reduce memory usage. Loaded Objects now: 1672.
Total: 1.285100 ms (FindLiveObjects: 0.112319 ms CreateObjectMapping: 0.029714 ms MarkObjects: 1.108214 ms  DeleteObjects: 0.034248 ms)

========================================================================
Received Prepare
Registering precompiled user dll's ...
Registered in 0.000400 seconds.
Begin MonoManager ReloadAssembly
Native extension for OSXStandalone target not found
Refreshing native plugins compatible for Editor in 0.18 ms, found 1 plugins.
Preloading 0 native plugins for Editor in 0.00 ms.
Mono: successfully reloaded assembly
- Completed reload, in  0.916 seconds
Platform modules already initialized, skipping
Refreshing native plugins compatible for Editor in 0.15 ms, found 1 plugins.
Preloading 0 native plugins for Editor in 0.00 ms.
Unloading 1115 Unused Serialized files (Serialized files now loaded: 0)
System memory in use before: 126.9 MB.
System memory in use after: 127.0 MB.

Unloading 5 unused Assets to reduce memory usage. Loaded Objects now: 1675.
Total: 1.365781 ms (FindLiveObjects: 0.108668 ms CreateObjectMapping: 0.027575 ms MarkObjects: 1.194114 ms  DeleteObjects: 0.034736 ms)

========================================================================
Received Prepare
Registering precompiled user dll's ...
Registered in 0.000437 seconds.
Begin MonoManager ReloadAssembly
Native extension for OSXStandalone target not found
Refreshing native plugins compatible for Editor in 0.18 ms, found 1 plugins.
Preloading 0 native plugins for Editor in 0.00 ms.
Mono: successfully reloaded assembly
- Completed reload, in  1.122 seconds
Platform modules already initialized, skipping
Refreshing native plugins compatible for Editor in 0.16 ms, found 1 plugins.
Preloading 0 native plugins for Editor in 0.00 ms.
Unloading 1115 Unused Serialized files (Serialized files now loaded: 0)
System memory in use before: 127.1 MB.
System memory in use after: 127.2 MB.

Unloading 5 unused Assets to reduce memory usage. Loaded Objects now: 1678.
Total: 1.523024 ms (FindLiveObjects: 0.125022 ms CreateObjectMapping: 0.028860 ms MarkObjects: 1.328348 ms  DeleteObjects: 0.040064 ms)

========================================================================
Received Prepare
Registering precompiled user dll's ...
Registered in 0.000385 seconds.
Begin MonoManager ReloadAssembly
Native extension for OSXStandalone target not found
Refreshing native plugins compatible for Editor in 0.19 ms, found 1 plugins.
Preloading 0 native plugins for Editor in 0.00 ms.
Mono: successfully reloaded assembly
- Completed reload, in  0.974 seconds
Platform modules already initialized, skipping
Refreshing native plugins compatible for Editor in 0.19 ms, found 1 plugins.
Preloading 0 native plugins for Editor in 0.00 ms.
Unloading 1115 Unused Serialized files (Serialized files now loaded: 0)
System memory in use before: 127.3 MB.
System memory in use after: 127.4 MB.

Unloading 5 unused Assets to reduce memory usage. Loaded Objects now: 1681.
Total: 1.576009 ms (FindLiveObjects: 0.171193 ms CreateObjectMapping: 0.042598 ms MarkObjects: 1.318879 ms  DeleteObjects: 0.042450 ms)

========================================================================
Received Prepare
Registering precompiled user dll's ...
Registered in 0.000446 seconds.
Begin MonoManager ReloadAssembly
Native extension for OSXStandalone target not found
Refreshing native plugins compatible for Editor in 0.19 ms, found 1 plugins.
Preloading 0 native plugins for Editor in 0.00 ms.
Mono: successfully reloaded assembly
- Completed reload, in  0.997 seconds
Platform modules already initialized, skipping
Refreshing native plugins compatible for Editor in 0.20 ms, found 1 plugins.
Preloading 0 native plugins for Editor in 0.00 ms.
Unloading 1115 Unused Serialized files (Serialized files now loaded: 0)
System memory in use before: 127.5 MB.
System memory in use after: 127.5 MB.

Unloading 5 unused Assets to reduce memory usage. Loaded Objects now: 1684.
Total: 1.636537 ms (FindLiveObjects: 0.131595 ms CreateObjectMapping: 0.035971 ms MarkObjects: 1.421891 ms  DeleteObjects: 0.046286 ms)

========================================================================
Received Prepare
Registering precompiled user dll's ...
Registered in 0.000403 seconds.
Begin MonoManager ReloadAssembly
Native extension for OSXStandalone target not found
Refreshing native plugins compatible for Editor in 0.18 ms, found 1 plugins.
Preloading 0 native plugins for Editor in 0.00 ms.
Mono: successfully reloaded assembly
- Completed reload, in  0.976 seconds
Platform modules already initialized, skipping
Refreshing native plugins compatible for Editor in 0.21 ms, found 1 plugins.
Preloading 0 native plugins for Editor in 0.00 ms.
Unloading 1115 Unused Serialized files (Serialized files now loaded: 0)
System memory in use before: 127.6 MB.
System memory in use after: 127.7 MB.

Unloading 5 unused Assets to reduce memory usage. Loaded Objects now: 1687.
Total: 1.631567 ms (FindLiveObjects: 0.140847 ms CreateObjectMapping: 0.037224 ms MarkObjects: 1.403899 ms  DeleteObjects: 0.048742 ms)

========================================================================
Received Prepare
Registering precompiled user dll's ...
Registered in 0.000398 seconds.
Begin MonoManager ReloadAssembly
Native extension for OSXStandalone target not found
Refreshing native plugins compatible for Editor in 0.23 ms, found 1 plugins.
Preloading 0 native plugins for Editor in 0.00 ms.
Mono: successfully reloaded assembly
- Completed reload, in  0.912 seconds
Platform modules already initialized, skipping
Refreshing native plugins compatible for Editor in 0.21 ms, found 1 plugins.
Preloading 0 native plugins for Editor in 0.00 ms.
Unloading 1115 Unused Serialized files (Serialized files now loaded: 0)
System memory in use before: 127.8 MB.
System memory in use after: 127.9 MB.

Unloading 5 unused Assets to reduce memory usage. Loaded Objects now: 1690.
Total: 1.521084 ms (FindLiveObjects: 0.128105 ms CreateObjectMapping: 0.032176 ms MarkObjects: 1.315934 ms  DeleteObjects: 0.043935 ms)

========================================================================
Received Import Request.
  Time since last request: 2666.446848 seconds.
  path: Assets/Scripts/TextureGenerator.cs
  artifactKey: Guid(30901e4c24ffb4036af5073c122b569c) Importer(815301076,1909f56bfc062723c751e8b465ee728b)
Start importing Assets/Scripts/TextureGenerator.cs using Guid(30901e4c24ffb4036af5073c122b569c) Importer(815301076,1909f56bfc062723c751e8b465ee728b)  -> (artifact id: '758f6a70bef104502a6ff444b2aaf66e') in 0.005138 seconds
  Import took 0.007449 seconds .

========================================================================
Received Prepare
Registering precompiled user dll's ...
Registered in 0.000403 seconds.
Begin MonoManager ReloadAssembly
Native extension for OSXStandalone target not found
Refreshing native plugins compatible for Editor in 0.22 ms, found 1 plugins.
Preloading 0 native plugins for Editor in 0.00 ms.
Mono: successfully reloaded assembly
- Completed reload, in  1.076 seconds
Platform modules already initialized, skipping
Refreshing native plugins compatible for Editor in 0.24 ms, found 1 plugins.
Preloading 0 native plugins for Editor in 0.00 ms.
Unloading 1116 Unused Serialized files (Serialized files now loaded: 0)
System memory in use before: 127.9 MB.
System memory in use after: 128.0 MB.

Unloading 5 unused Assets to reduce memory usage. Loaded Objects now: 1694.
Total: 1.802219 ms (FindLiveObjects: 0.165012 ms CreateObjectMapping: 0.048562 ms MarkObjects: 1.530223 ms  DeleteObjects: 0.057173 ms)

========================================================================
Received Prepare
Registering precompiled user dll's ...
Registered in 0.000282 seconds.
Begin MonoManager ReloadAssembly
Native extension for OSXStandalone target not found
Refreshing native plugins compatible for Editor in 0.18 ms, found 1 plugins.
Preloading 0 native plugins for Editor in 0.00 ms.
Mono: successfully reloaded assembly
- Completed reload, in  0.907 seconds
Platform modules already initialized, skipping
Refreshing native plugins compatible for Editor in 0.20 ms, found 1 plugins.
Preloading 0 native plugins for Editor in 0.00 ms.
Unloading 1116 Unused Serialized files (Serialized files now loaded: 0)
System memory in use before: 128.1 MB.
System memory in use after: 128.2 MB.

Unloading 5 unused Assets to reduce memory usage. Loaded Objects now: 1697.
Total: 1.490804 ms (FindLiveObjects: 0.134655 ms CreateObjectMapping: 0.033969 ms MarkObjects: 1.274928 ms  DeleteObjects: 0.046389 ms)

========================================================================
Received Prepare
Registering precompiled user dll's ...
Registered in 0.000401 seconds.
Begin MonoManager ReloadAssembly
Native extension for OSXStandalone target not found
Refreshing native plugins compatible for Editor in 0.18 ms, found 1 plugins.
Preloading 0 native plugins for Editor in 0.00 ms.
Mono: successfully reloaded assembly
- Completed reload, in  0.968 seconds
Platform modules already initialized, skipping
Refreshing native plugins compatible for Editor in 0.20 ms, found 1 plugins.
Preloading 0 native plugins for Editor in 0.00 ms.
Unloading 1116 Unused Serialized files (Serialized files now loaded: 0)
System memory in use before: 128.3 MB.
System memory in use after: 128.4 MB.

Unloading 5 unused Assets to reduce memory usage. Loaded Objects now: 1700.
Total: 1.518558 ms (FindLiveObjects: 0.123475 ms CreateObjectMapping: 0.031897 ms MarkObjects: 1.320625 ms  DeleteObjects: 0.041805 ms)

========================================================================
Received Import Request.
  Time since last request: 2622.511127 seconds.
  path: Assets/Scripts/MeshGenerator.cs
  artifactKey: Guid(6034c27f13a0b40c69aa9f030a7a719e) Importer(815301076,1909f56bfc062723c751e8b465ee728b)
Start importing Assets/Scripts/MeshGenerator.cs using Guid(6034c27f13a0b40c69aa9f030a7a719e) Importer(815301076,1909f56bfc062723c751e8b465ee728b)  -> (artifact id: 'a73fa46bbd2a3e2f9dcc2a22eee5a853') in 0.005659 seconds
  Import took 0.007832 seconds .

========================================================================
Received Prepare
Registering precompiled user dll's ...
Registered in 0.000430 seconds.
Begin MonoManager ReloadAssembly
Native extension for OSXStandalone target not found
Refreshing native plugins compatible for Editor in 0.21 ms, found 1 plugins.
Preloading 0 native plugins for Editor in 0.00 ms.
Mono: successfully reloaded assembly
- Completed reload, in  1.046 seconds
Platform modules already initialized, skipping
Refreshing native plugins compatible for Editor in 0.21 ms, found 1 plugins.
Preloading 0 native plugins for Editor in 0.00 ms.
Unloading 1117 Unused Serialized files (Serialized files now loaded: 0)
System memory in use before: 128.5 MB.
System memory in use after: 128.6 MB.

Unloading 5 unused Assets to reduce memory usage. Loaded Objects now: 1704.
Total: 1.632986 ms (FindLiveObjects: 0.147392 ms CreateObjectMapping: 0.039157 ms MarkObjects: 1.396209 ms  DeleteObjects: 0.049375 ms)

========================================================================
Received Prepare
Registering precompiled user dll's ...
Registered in 0.000504 seconds.
Begin MonoManager ReloadAssembly
Native extension for OSXStandalone target not found
Refreshing native plugins compatible for Editor in 0.26 ms, found 1 plugins.
Preloading 0 native plugins for Editor in 0.00 ms.
Mono: successfully reloaded assembly
- Completed reload, in  1.034 seconds
Platform modules already initialized, skipping
Refreshing native plugins compatible for Editor in 0.19 ms, found 1 plugins.
Preloading 0 native plugins for Editor in 0.00 ms.
Unloading 1117 Unused Serialized files (Serialized files now loaded: 0)
System memory in use before: 128.6 MB.
System memory in use after: 128.7 MB.

Unloading 5 unused Assets to reduce memory usage. Loaded Objects now: 1707.
Total: 1.606064 ms (FindLiveObjects: 0.130831 ms CreateObjectMapping: 0.034784 ms MarkObjects: 1.394898 ms  DeleteObjects: 0.044691 ms)

========================================================================
Received Prepare
Registering precompiled user dll's ...
Registered in 0.000436 seconds.
Begin MonoManager ReloadAssembly
Native extension for OSXStandalone target not found
Refreshing native plugins compatible for Editor in 0.20 ms, found 1 plugins.
Preloading 0 native plugins for Editor in 0.00 ms.
Mono: successfully reloaded assembly
- Completed reload, in  1.025 seconds
Platform modules already initialized, skipping
Refreshing native plugins compatible for Editor in 0.18 ms, found 1 plugins.
Preloading 0 native plugins for Editor in 0.00 ms.
Unloading 1117 Unused Serialized files (Serialized files now loaded: 0)
System memory in use before: 128.9 MB.
System memory in use after: 128.9 MB.

Unloading 5 unused Assets to reduce memory usage. Loaded Objects now: 1710.
Total: 1.416486 ms (FindLiveObjects: 0.120762 ms CreateObjectMapping: 0.043591 ms MarkObjects: 1.209467 ms  DeleteObjects: 0.041951 ms)

========================================================================
Received Import Request.
  Time since last request: 1157.174810 seconds.
  path: Assets/Materials/Mesh Material.mat
  artifactKey: Guid(2dc613cc8d5814fd6b1184adaaaeb541) Importer(815301076,1909f56bfc062723c751e8b465ee728b)
Start importing Assets/Materials/Mesh Material.mat using Guid(2dc613cc8d5814fd6b1184adaaaeb541) Importer(815301076,1909f56bfc062723c751e8b465ee728b)  -> (artifact id: 'e923b2252d33694dcd4fef8cf95e1707') in 0.068424 seconds
  Import took 0.070699 seconds .

========================================================================
Received Import Request.
  Time since last request: 20.262532 seconds.
  path: Assets/Scripts/MapDisplay.cs
  artifactKey: Guid(f1c9806175d994f22a4a92f1b385413a) Importer(815301076,1909f56bfc062723c751e8b465ee728b)
Start importing Assets/Scripts/MapDisplay.cs using Guid(f1c9806175d994f22a4a92f1b385413a) Importer(815301076,1909f56bfc062723c751e8b465ee728b)  -> (artifact id: '2f41a58c1dd12efa2984db2ae1b2ef4d') in 0.001568 seconds
  Import took 0.003431 seconds .

========================================================================
Received Import Request.
  Time since last request: 0.010277 seconds.
  path: Assets/Scripts/MapDisplay.cs
  artifactKey: Guid(f1c9806175d994f22a4a92f1b385413a) Importer(815301076,1909f56bfc062723c751e8b465ee728b)
Start importing Assets/Scripts/MapDisplay.cs using Guid(f1c9806175d994f22a4a92f1b385413a) Importer(815301076,1909f56bfc062723c751e8b465ee728b)  -> (artifact id: '2f41a58c1dd12efa2984db2ae1b2ef4d') in 0.001939 seconds
  Import took 0.004072 seconds .

========================================================================
Received Prepare
Registering precompiled user dll's ...
Registered in 0.000380 seconds.
Begin MonoManager ReloadAssembly
Native extension for OSXStandalone target not found
Refreshing native plugins compatible for Editor in 0.18 ms, found 1 plugins.
Preloading 0 native plugins for Editor in 0.00 ms.
Mono: successfully reloaded assembly
- Completed reload, in  0.836 seconds
Platform modules already initialized, skipping
Refreshing native plugins compatible for Editor in 0.15 ms, found 1 plugins.
Preloading 0 native plugins for Editor in 0.00 ms.
Unloading 1117 Unused Serialized files (Serialized files now loaded: 0)
System memory in use before: 129.1 MB.
System memory in use after: 129.2 MB.

Unloading 5 unused Assets to reduce memory usage. Loaded Objects now: 1714.
Total: 1.254265 ms (FindLiveObjects: 0.105588 ms CreateObjectMapping: 0.026393 ms MarkObjects: 1.090495 ms  DeleteObjects: 0.031207 ms)

========================================================================
Received Prepare
Registering precompiled user dll's ...
Registered in 0.000408 seconds.
Begin MonoManager ReloadAssembly
Native extension for OSXStandalone target not found
Refreshing native plugins compatible for Editor in 0.18 ms, found 1 plugins.
Preloading 0 native plugins for Editor in 0.00 ms.
Mono: successfully reloaded assembly
- Completed reload, in  0.913 seconds
Platform modules already initialized, skipping
Refreshing native plugins compatible for Editor in 0.21 ms, found 1 plugins.
Preloading 0 native plugins for Editor in 0.00 ms.
Unloading 1117 Unused Serialized files (Serialized files now loaded: 0)
System memory in use before: 129.3 MB.
System memory in use after: 129.4 MB.

Unloading 5 unused Assets to reduce memory usage. Loaded Objects now: 1717.
Total: 1.730057 ms (FindLiveObjects: 0.126842 ms CreateObjectMapping: 0.033925 ms MarkObjects: 1.459509 ms  DeleteObjects: 0.108863 ms)

========================================================================
Received Prepare
Registering precompiled user dll's ...
Registered in 0.000428 seconds.
Begin MonoManager ReloadAssembly
Native extension for OSXStandalone target not found
Refreshing native plugins compatible for Editor in 0.19 ms, found 1 plugins.
Preloading 0 native plugins for Editor in 0.00 ms.
Mono: successfully reloaded assembly
- Completed reload, in  1.004 seconds
Platform modules already initialized, skipping
Refreshing native plugins compatible for Editor in 0.20 ms, found 1 plugins.
Preloading 0 native plugins for Editor in 0.00 ms.
Unloading 1117 Unused Serialized files (Serialized files now loaded: 0)
System memory in use before: 129.4 MB.
System memory in use after: 129.5 MB.

Unloading 5 unused Assets to reduce memory usage. Loaded Objects now: 1720.
Total: 1.719830 ms (FindLiveObjects: 0.140354 ms CreateObjectMapping: 0.039739 ms MarkObjects: 1.490389 ms  DeleteObjects: 0.048439 ms)

